MongoDB connection error: MongooseServerSelectionError: connect ECONNREFUSED 127.0.0.1:27017
    at _handleConnectionErrors (c:\Users\musta\OneDrive\Desktop\470 project\tavern\node_modules\mongoose\lib\connection.js:1169:11)
    at NativeConnection.openUri (c:\Users\musta\OneDrive\Desktop\470 project\tavern\node_modules\mongoose\lib\connection.js:1100:11)
    at async connectDB (c:\Users\musta\OneDrive\Desktop\470 project\tavern\dist\config\db.config.js:13:9)
    at async start (c:\Users\musta\OneDrive\Desktop\470 project\tavern\dist\server.js:11:5) {
  errorLabelSet: Set(0) {},
  reason: TopologyDescription {
    type: 'Unknown',
    servers: Map(1) { '127.0.0.1:27017' => [ServerDescription] },
    stale: false,
    compatible: true,
    heartbeatFrequencyMS: 10000,
    localThresholdMS: 15,
    setName: null,
    maxElectionId: null,
    maxSetVersion: null,
    commonWireVersion: 0,
    logicalSessionTimeoutMinutes: null
  },
  code: undefined,
  cause: TopologyDescription {
    type: 'Unknown',
    servers: Map(1) { '127.0.0.1:27017' => [ServerDescription] },
    stale: false,
    compatible: true,
    heartbeatFrequencyMS: 10000,
    localThresholdMS: 15,
    setName: null,
    maxElectionId: null,
    maxSetVersion: null,
    commonWireVersion: 0,
    logicalSessionTimeoutMinutes: null
  }
}
